<?xml version="1.0" encoding="UTF-8"?>
<!-- Generated by org.testng.reporters.JUnitXMLReporter -->
<testsuite hostname="DESKTOP-JUVN070" ignored="0" name="Test" tests="1" failures="1" timestamp="2022-05-08T15:47:29 CDT" time="0.051" errors="0">
  <testcase name="verifyPageTitle" time="0.028" classname="crossbrowsertesting1.CrossBrowserTesting1">
    <failure type="java.lang.IllegalStateException" message="The driver executable must exist: C:\CrossBrowserTesting1\driver\geckodriver.exe">
      <![CDATA[java.lang.IllegalStateException: The driver executable must exist: C:\CrossBrowserTesting1\driver\geckodriver.exe
at org.openqa.selenium.internal.Require$FileStateChecker.isFile(Require.java:342)
at org.openqa.selenium.remote.service.DriverService.checkExecutable(DriverService.java:147)
at org.openqa.selenium.remote.service.DriverService.findExecutable(DriverService.java:142)
at org.openqa.selenium.firefox.GeckoDriverService.access$100(GeckoDriverService.java:45)
at org.openqa.selenium.firefox.GeckoDriverService$Builder.findDefaultExecutable(GeckoDriverService.java:181)
at org.openqa.selenium.remote.service.DriverService$Builder.build(DriverService.java:437)
at org.openqa.selenium.firefox.GeckoDriverService.createDefaultService(GeckoDriverService.java:94)
at org.openqa.selenium.firefox.FirefoxDriver.<init>(FirefoxDriver.java:106)
at org.openqa.selenium.firefox.FirefoxDriver.<init>(FirefoxDriver.java:86)
at crossbrowsertesting1.CrossBrowserTesting1.verifyPageTitle(CrossBrowserTesting1.java:20)
at java.util.ArrayList.forEach(ArrayList.java:1259)
... Removed 27 stack frames]]>
    </failure>
  </testcase> <!-- verifyPageTitle -->
</testsuite> <!-- Test -->
